# JRE version: OpenJDK Runtime Environment (17.0.6) (build 17.0.6+0-b2043.56-9586694)
# Java VM: OpenJDK 64-Bit Server VM (17.0.6+0-b2043.56-9586694, mixed mode, tiered, compressed oops, compressed class ptrs, g1 gc, windows-amd64)
GC Precious Log:
 CPUs: 4 total, 4 available
 Memory: 12190M
 Large Page Support: Disabled
 NUMA Support: Disabled
 Compressed Oops: Enabled (Zero based)
 Heap Region Size: 2M
 Heap Min Capacity: 8M
 Heap Initial Capacity: 192M
 Heap Max Capacity: 3048M
 Pre-touch: Disabled
 Parallel Workers: 4
 Concurrent Workers: 1
 Concurrent Refinement Workers: 4
 Periodic GC: Disabled
Heap:
 garbage-first heap   total 190464K, used 117396K [0x0000000741800000, 0x0000000800000000)
  region size 2048K, 20 young (40960K), 4 survivors (8192K)
 Metaspace       used 91612K, committed 92288K, reserved 1130496K
  class space    used 12359K, committed 12672K, reserved 1048576K
GC Heap History (20 events):
Event: 13.510 GC heap before
{Heap before GC invocations=18 (full 0):
 garbage-first heap   total 96256K, used 54188K [0x0000000741800000, 0x0000000800000000)
  region size 2048K, 2 young (4096K), 1 survivors (2048K)
 Metaspace       used 59767K, committed 60288K, reserved 1105920K
  class space    used 7825K, committed 8064K, reserved 1048576K
}
Event: 13.520 GC heap after
{Heap after GC invocations=19 (full 0):
 garbage-first heap   total 96256K, used 51964K [0x0000000741800000, 0x0000000800000000)
  region size 2048K, 1 young (2048K), 1 survivors (2048K)
 Metaspace       used 59767K, committed 60288K, reserved 1105920K
  class space    used 7825K, committed 8064K, reserved 1048576K
}
Event: 14.301 GC heap before
{Heap before GC invocations=19 (full 0):
 garbage-first heap   total 96256K, used 72444K [0x0000000741800000, 0x0000000800000000)
  region size 2048K, 12 young (24576K), 1 survivors (2048K)
 Metaspace       used 63977K, committed 64512K, reserved 1105920K
  class space    used 8403K, committed 8640K, reserved 1048576K
}
Event: 14.306 GC heap after
{Heap after GC invocations=20 (full 0):
 garbage-first heap   total 96256K, used 54899K [0x0000000741800000, 0x0000000800000000)
  region size 2048K, 2 young (4096K), 2 survivors (4096K)
 Metaspace       used 63977K, committed 64512K, reserved 1105920K
  class space    used 8403K, committed 8640K, reserved 1048576K
}
Event: 14.745 GC heap before
{Heap before GC invocations=21 (full 0):
 garbage-first heap   total 116736K, used 73331K [0x0000000741800000, 0x0000000800000000)
  region size 2048K, 12 young (24576K), 2 survivors (4096K)
 Metaspace       used 65004K, committed 65536K, reserved 1105920K
  class space    used 8535K, committed 8768K, reserved 1048576K
}
Event: 14.752 GC heap after
{Heap after GC invocations=22 (full 0):
 garbage-first heap   total 116736K, used 56118K [0x0000000741800000, 0x0000000800000000)
  region size 2048K, 1 young (2048K), 1 survivors (2048K)
 Metaspace       used 65004K, committed 65536K, reserved 1105920K
  class space    used 8535K, committed 8768K, reserved 1048576K
}
Event: 14.834 GC heap before
{Heap before GC invocations=22 (full 0):
 garbage-first heap   total 116736K, used 58166K [0x0000000741800000, 0x0000000800000000)
  region size 2048K, 2 young (4096K), 1 survivors (2048K)
 Metaspace       used 65237K, committed 65728K, reserved 1114112K
  class space    used 8556K, committed 8768K, reserved 1048576K
}
Event: 14.840 GC heap after
{Heap after GC invocations=23 (full 0):
 garbage-first heap   total 157696K, used 56274K [0x0000000741800000, 0x0000000800000000)
  region size 2048K, 1 young (2048K), 1 survivors (2048K)
 Metaspace       used 65237K, committed 65728K, reserved 1114112K
  class space    used 8556K, committed 8768K, reserved 1048576K
}
Event: 16.435 GC heap before
{Heap before GC invocations=23 (full 0):
 garbage-first heap   total 157696K, used 109522K [0x0000000741800000, 0x0000000800000000)
  region size 2048K, 27 young (55296K), 1 survivors (2048K)
 Metaspace       used 70306K, committed 70848K, reserved 1114112K
  class space    used 9217K, committed 9472K, reserved 1048576K
}
Event: 16.441 GC heap after
{Heap after GC invocations=24 (full 0):
 garbage-first heap   total 157696K, used 59642K [0x0000000741800000, 0x0000000800000000)
  region size 2048K, 2 young (4096K), 2 survivors (4096K)
 Metaspace       used 70306K, committed 70848K, reserved 1114112K
  class space    used 9217K, committed 9472K, reserved 1048576K
}
Event: 17.745 GC heap before
{Heap before GC invocations=24 (full 0):
 garbage-first heap   total 157696K, used 114938K [0x0000000741800000, 0x0000000800000000)
  region size 2048K, 29 young (59392K), 2 survivors (4096K)
 Metaspace       used 72401K, committed 72960K, reserved 1114112K
  class space    used 9471K, committed 9728K, reserved 1048576K
}
Event: 17.762 GC heap after
{Heap after GC invocations=25 (full 0):
 garbage-first heap   total 157696K, used 64558K [0x0000000741800000, 0x0000000800000000)
  region size 2048K, 4 young (8192K), 4 survivors (8192K)
 Metaspace       used 72401K, committed 72960K, reserved 1114112K
  class space    used 9471K, committed 9728K, reserved 1048576K
}
Event: 19.472 GC heap before
{Heap before GC invocations=25 (full 0):
 garbage-first heap   total 157696K, used 119854K [0x0000000741800000, 0x0000000800000000)
  region size 2048K, 31 young (63488K), 4 survivors (8192K)
 Metaspace       used 78680K, committed 79232K, reserved 1122304K
  class space    used 10560K, committed 10816K, reserved 1048576K
}
Event: 19.492 GC heap after
{Heap after GC invocations=26 (full 0):
 garbage-first heap   total 157696K, used 68667K [0x0000000741800000, 0x0000000800000000)
  region size 2048K, 2 young (4096K), 2 survivors (4096K)
 Metaspace       used 78680K, committed 79232K, reserved 1122304K
  class space    used 10560K, committed 10816K, reserved 1048576K
}
Event: 21.259 GC heap before
{Heap before GC invocations=26 (full 0):
 garbage-first heap   total 157696K, used 121915K [0x0000000741800000, 0x0000000800000000)
  region size 2048K, 28 young (57344K), 2 survivors (4096K)
 Metaspace       used 85284K, committed 85888K, reserved 1130496K
  class space    used 11508K, committed 11776K, reserved 1048576K
}
Event: 21.276 GC heap after
{Heap after GC invocations=27 (full 0):
 garbage-first heap   total 157696K, used 72390K [0x0000000741800000, 0x0000000800000000)
  region size 2048K, 4 young (8192K), 4 survivors (8192K)
 Metaspace       used 85284K, committed 85888K, reserved 1130496K
  class space    used 11508K, committed 11776K, reserved 1048576K
}
Event: 22.633 GC heap before
{Heap before GC invocations=27 (full 0):
 garbage-first heap   total 157696K, used 121542K [0x0000000741800000, 0x0000000800000000)
  region size 2048K, 29 young (59392K), 4 survivors (8192K)
 Metaspace       used 87546K, committed 88128K, reserved 1130496K
  class space    used 11823K, committed 12096K, reserved 1048576K
}
Event: 22.656 GC heap after
{Heap after GC invocations=28 (full 0):
 garbage-first heap   total 157696K, used 78400K [0x0000000741800000, 0x0000000800000000)
  region size 2048K, 4 young (8192K), 4 survivors (8192K)
 Metaspace       used 87546K, committed 88128K, reserved 1130496K
  class space    used 11823K, committed 12096K, reserved 1048576K
}
Event: 23.766 GC heap before
{Heap before GC invocations=28 (full 0):
 garbage-first heap   total 157696K, used 123456K [0x0000000741800000, 0x0000000800000000)
  region size 2048K, 26 young (53248K), 4 survivors (8192K)
 Metaspace       used 90436K, committed 91072K, reserved 1130496K
  class space    used 12212K, committed 12480K, reserved 1048576K
}
Event: 23.797 GC heap after
{Heap after GC invocations=29 (full 0):
 garbage-first heap   total 190464K, used 86676K [0x0000000741800000, 0x0000000800000000)
  region size 2048K, 4 young (8192K), 4 survivors (8192K)
 Metaspace       used 90436K, committed 91072K, reserved 1130496K
  class space    used 12212K, committed 12480K, reserved 1048576K
}

