# JRE version: OpenJDK Runtime Environment (17.0.6) (build 17.0.6+0-b2043.56-9586694)
# Java VM: OpenJDK 64-Bit Server VM (17.0.6+0-b2043.56-9586694, mixed mode, tiered, compressed oops, compressed class ptrs, g1 gc, windows-amd64)
GC Precious Log:
 CPUs: 4 total, 4 available
 Memory: 12190M
 Large Page Support: Disabled
 NUMA Support: Disabled
 Compressed Oops: Enabled (Zero based)
 Heap Region Size: 2M
 Heap Min Capacity: 8M
 Heap Initial Capacity: 192M
 Heap Max Capacity: 3048M
 Pre-touch: Disabled
 Parallel Workers: 4
 Concurrent Workers: 1
 Concurrent Refinement Workers: 4
 Periodic GC: Disabled
Heap:
 garbage-first heap   total 108544K, used 56269K [0x0000000741800000, 0x0000000800000000)
  region size 2048K, 3 young (6144K), 3 survivors (6144K)
 Metaspace       used 66354K, committed 66624K, reserved 1114112K
  class space    used 7673K, committed 7808K, reserved 1048576K
GC Heap History (20 events):
Event: 6.183 GC heap after
{Heap after GC invocations=12 (full 0):
 garbage-first heap   total 59392K, used 27841K [0x0000000741800000, 0x0000000800000000)
  region size 2048K, 2 young (4096K), 2 survivors (4096K)
 Metaspace       used 41286K, committed 41536K, reserved 1089536K
  class space    used 5066K, committed 5184K, reserved 1048576K
}
Event: 6.273 GC heap before
{Heap before GC invocations=12 (full 0):
 garbage-first heap   total 59392K, used 27841K [0x0000000741800000, 0x0000000800000000)
  region size 2048K, 3 young (6144K), 2 survivors (4096K)
 Metaspace       used 41764K, committed 42048K, reserved 1089536K
  class space    used 5112K, committed 5248K, reserved 1048576K
}
Event: 6.288 GC heap after
{Heap after GC invocations=13 (full 0):
 garbage-first heap   total 59392K, used 28031K [0x0000000741800000, 0x0000000800000000)
  region size 2048K, 1 young (2048K), 1 survivors (2048K)
 Metaspace       used 41764K, committed 42048K, reserved 1089536K
  class space    used 5112K, committed 5248K, reserved 1048576K
}
Event: 6.854 GC heap before
{Heap before GC invocations=13 (full 0):
 garbage-first heap   total 59392K, used 40319K [0x0000000741800000, 0x0000000800000000)
  region size 2048K, 8 young (16384K), 1 survivors (2048K)
 Metaspace       used 45455K, committed 45760K, reserved 1089536K
  class space    used 5507K, committed 5632K, reserved 1048576K
}
Event: 6.861 GC heap after
{Heap after GC invocations=14 (full 0):
 garbage-first heap   total 59392K, used 28787K [0x0000000741800000, 0x0000000800000000)
  region size 2048K, 1 young (2048K), 1 survivors (2048K)
 Metaspace       used 45455K, committed 45760K, reserved 1089536K
  class space    used 5507K, committed 5632K, reserved 1048576K
}
Event: 7.674 GC heap before
{Heap before GC invocations=15 (full 0):
 garbage-first heap   total 59392K, used 45171K [0x0000000741800000, 0x0000000800000000)
  region size 2048K, 8 young (16384K), 1 survivors (2048K)
 Metaspace       used 48627K, committed 48832K, reserved 1097728K
  class space    used 5906K, committed 6016K, reserved 1048576K
}
Event: 7.684 GC heap after
{Heap after GC invocations=16 (full 0):
 garbage-first heap   total 59392K, used 32742K [0x0000000741800000, 0x0000000800000000)
  region size 2048K, 1 young (2048K), 1 survivors (2048K)
 Metaspace       used 48627K, committed 48832K, reserved 1097728K
  class space    used 5906K, committed 6016K, reserved 1048576K
}
Event: 7.787 GC heap before
{Heap before GC invocations=16 (full 0):
 garbage-first heap   total 59392K, used 34790K [0x0000000741800000, 0x0000000800000000)
  region size 2048K, 2 young (4096K), 1 survivors (2048K)
 Metaspace       used 48853K, committed 49088K, reserved 1097728K
  class space    used 5929K, committed 6080K, reserved 1048576K
}
Event: 7.800 GC heap after
{Heap after GC invocations=17 (full 0):
 garbage-first heap   total 59392K, used 32378K [0x0000000741800000, 0x0000000800000000)
  region size 2048K, 1 young (2048K), 1 survivors (2048K)
 Metaspace       used 48853K, committed 49088K, reserved 1097728K
  class space    used 5929K, committed 6080K, reserved 1048576K
}
Event: 8.365 GC heap before
{Heap before GC invocations=17 (full 0):
 garbage-first heap   total 59392K, used 44666K [0x0000000741800000, 0x0000000800000000)
  region size 2048K, 7 young (14336K), 1 survivors (2048K)
 Metaspace       used 50518K, committed 50816K, reserved 1097728K
  class space    used 6117K, committed 6272K, reserved 1048576K
}
Event: 8.377 GC heap after
{Heap after GC invocations=18 (full 0):
 garbage-first heap   total 108544K, used 34629K [0x0000000741800000, 0x0000000800000000)
  region size 2048K, 1 young (2048K), 1 survivors (2048K)
 Metaspace       used 50518K, committed 50816K, reserved 1097728K
  class space    used 6117K, committed 6272K, reserved 1048576K
}
Event: 10.430 GC heap before
{Heap before GC invocations=19 (full 0):
 garbage-first heap   total 108544K, used 75589K [0x0000000741800000, 0x0000000800000000)
  region size 2048K, 22 young (45056K), 1 survivors (2048K)
 Metaspace       used 54212K, committed 54464K, reserved 1097728K
  class space    used 6415K, committed 6528K, reserved 1048576K
}
Event: 10.452 GC heap after
{Heap after GC invocations=20 (full 0):
 garbage-first heap   total 108544K, used 38888K [0x0000000741800000, 0x0000000800000000)
  region size 2048K, 3 young (6144K), 3 survivors (6144K)
 Metaspace       used 54212K, committed 54464K, reserved 1097728K
  class space    used 6415K, committed 6528K, reserved 1048576K
}
Event: 11.808 GC heap before
{Heap before GC invocations=20 (full 0):
 garbage-first heap   total 108544K, used 77800K [0x0000000741800000, 0x0000000800000000)
  region size 2048K, 22 young (45056K), 3 survivors (6144K)
 Metaspace       used 55938K, committed 56192K, reserved 1105920K
  class space    used 6583K, committed 6720K, reserved 1048576K
}
Event: 11.838 GC heap after
{Heap after GC invocations=21 (full 0):
 garbage-first heap   total 108544K, used 44312K [0x0000000741800000, 0x0000000800000000)
  region size 2048K, 3 young (6144K), 3 survivors (6144K)
 Metaspace       used 55938K, committed 56192K, reserved 1105920K
  class space    used 6583K, committed 6720K, reserved 1048576K
}
Event: 12.722 GC heap before
{Heap before GC invocations=21 (full 0):
 garbage-first heap   total 108544K, used 81176K [0x0000000741800000, 0x0000000800000000)
  region size 2048K, 21 young (43008K), 3 survivors (6144K)
 Metaspace       used 57719K, committed 57984K, reserved 1105920K
  class space    used 6774K, committed 6912K, reserved 1048576K
}
Event: 12.749 GC heap after
{Heap after GC invocations=22 (full 0):
 garbage-first heap   total 108544K, used 49445K [0x0000000741800000, 0x0000000800000000)
  region size 2048K, 3 young (6144K), 3 survivors (6144K)
 Metaspace       used 57719K, committed 57984K, reserved 1105920K
  class space    used 6774K, committed 6912K, reserved 1048576K
}
Event: 13.943 GC heap before
{Heap before GC invocations=22 (full 0):
 garbage-first heap   total 108544K, used 80165K [0x0000000741800000, 0x0000000800000000)
  region size 2048K, 18 young (36864K), 3 survivors (6144K)
 Metaspace       used 63013K, committed 63296K, reserved 1105920K
  class space    used 7292K, committed 7424K, reserved 1048576K
}
Event: 13.964 GC heap after
{Heap after GC invocations=23 (full 0):
 garbage-first heap   total 108544K, used 52715K [0x0000000741800000, 0x0000000800000000)
  region size 2048K, 2 young (4096K), 2 survivors (4096K)
 Metaspace       used 63013K, committed 63296K, reserved 1105920K
  class space    used 7292K, committed 7424K, reserved 1048576K
}
Event: 16.455 GC heap before
{Heap before GC invocations=23 (full 0):
 garbage-first heap   total 108544K, used 83435K [0x0000000741800000, 0x0000000800000000)
  region size 2048K, 17 young (34816K), 2 survivors (4096K)
 Metaspace       used 66354K, committed 66624K, reserved 1114112K
  class space    used 7673K, committed 7808K, reserved 1048576K
}

