# JRE version: OpenJDK Runtime Environment (17.0.6) (build 17.0.6+0-b2043.56-9586694)
# Java VM: OpenJDK 64-Bit Server VM (17.0.6+0-b2043.56-9586694, mixed mode, tiered, compressed oops, compressed class ptrs, g1 gc, windows-amd64)
GC Precious Log:
 CPUs: 4 total, 4 available
 Memory: 12190M
 Large Page Support: Disabled
 NUMA Support: Disabled
 Compressed Oops: Enabled (Zero based)
 Heap Region Size: 2M
 Heap Min Capacity: 8M
 Heap Initial Capacity: 192M
 Heap Max Capacity: 3048M
 Pre-touch: Disabled
 Parallel Workers: 4
 Concurrent Workers: 1
 Concurrent Refinement Workers: 4
 Periodic GC: Disabled
Heap:
 garbage-first heap   total 305152K, used 212827K [0x0000000741800000, 0x0000000800000000)
  region size 2048K, 2 young (4096K), 2 survivors (4096K)
 Metaspace       used 105186K, committed 105920K, reserved 1146880K
  class space    used 14154K, committed 14528K, reserved 1048576K
GC Heap History (20 events):
Event: 28.327 GC heap after
{Heap after GC invocations=33 (full 0):
 garbage-first heap   total 167936K, used 92275K [0x0000000741800000, 0x0000000800000000)
  region size 2048K, 4 young (8192K), 4 survivors (8192K)
 Metaspace       used 91442K, committed 92032K, reserved 1130496K
  class space    used 12335K, committed 12608K, reserved 1048576K
}
Event: 29.350 GC heap before
{Heap before GC invocations=33 (full 0):
 garbage-first heap   total 167936K, used 131187K [0x0000000741800000, 0x0000000800000000)
  region size 2048K, 24 young (49152K), 4 survivors (8192K)
 Metaspace       used 91736K, committed 92352K, reserved 1130496K
  class space    used 12337K, committed 12608K, reserved 1048576K
}
Event: 29.364 GC heap after
{Heap after GC invocations=34 (full 0):
 garbage-first heap   total 167936K, used 95682K [0x0000000741800000, 0x0000000800000000)
  region size 2048K, 2 young (4096K), 2 survivors (4096K)
 Metaspace       used 91736K, committed 92352K, reserved 1130496K
  class space    used 12337K, committed 12608K, reserved 1048576K
}
Event: 30.504 GC heap before
{Heap before GC invocations=34 (full 0):
 garbage-first heap   total 167936K, used 132546K [0x0000000741800000, 0x0000000800000000)
  region size 2048K, 21 young (43008K), 2 survivors (4096K)
 Metaspace       used 92220K, committed 92864K, reserved 1130496K
  class space    used 12374K, committed 12672K, reserved 1048576K
}
Event: 30.514 GC heap after
{Heap after GC invocations=35 (full 0):
 garbage-first heap   total 235520K, used 97847K [0x0000000741800000, 0x0000000800000000)
  region size 2048K, 3 young (6144K), 3 survivors (6144K)
 Metaspace       used 92220K, committed 92864K, reserved 1130496K
  class space    used 12374K, committed 12672K, reserved 1048576K
}
Event: 33.086 GC heap before
{Heap before GC invocations=35 (full 0):
 garbage-first heap   total 235520K, used 183863K [0x0000000741800000, 0x0000000800000000)
  region size 2048K, 46 young (94208K), 3 survivors (6144K)
 Metaspace       used 98053K, committed 98688K, reserved 1138688K
  class space    used 13143K, committed 13440K, reserved 1048576K
}
Event: 33.112 GC heap after
{Heap after GC invocations=36 (full 0):
 garbage-first heap   total 235520K, used 104504K [0x0000000741800000, 0x0000000800000000)
  region size 2048K, 6 young (12288K), 6 survivors (12288K)
 Metaspace       used 98053K, committed 98688K, reserved 1138688K
  class space    used 13143K, committed 13440K, reserved 1048576K
}
Event: 35.305 GC heap before
{Heap before GC invocations=36 (full 0):
 garbage-first heap   total 235520K, used 184376K [0x0000000741800000, 0x0000000800000000)
  region size 2048K, 46 young (94208K), 6 survivors (12288K)
 Metaspace       used 101552K, committed 102336K, reserved 1138688K
  class space    used 13641K, committed 14016K, reserved 1048576K
}
Event: 35.331 GC heap after
{Heap after GC invocations=37 (full 0):
 garbage-first heap   total 235520K, used 110217K [0x0000000741800000, 0x0000000800000000)
  region size 2048K, 3 young (6144K), 3 survivors (6144K)
 Metaspace       used 101552K, committed 102336K, reserved 1138688K
  class space    used 13641K, committed 14016K, reserved 1048576K
}
Event: 36.329 GC heap before
{Heap before GC invocations=37 (full 0):
 garbage-first heap   total 235520K, used 169609K [0x0000000741800000, 0x0000000800000000)
  region size 2048K, 21 young (43008K), 3 survivors (6144K)
 Metaspace       used 104836K, committed 105600K, reserved 1146880K
  class space    used 14106K, committed 14464K, reserved 1048576K
}
Event: 36.342 GC heap after
{Heap after GC invocations=38 (full 0):
 garbage-first heap   total 235520K, used 147323K [0x0000000741800000, 0x0000000800000000)
  region size 2048K, 6 young (12288K), 6 survivors (12288K)
 Metaspace       used 104836K, committed 105600K, reserved 1146880K
  class space    used 14106K, committed 14464K, reserved 1048576K
}
Event: 36.419 GC heap before
{Heap before GC invocations=38 (full 0):
 garbage-first heap   total 235520K, used 208763K [0x0000000741800000, 0x0000000800000000)
  region size 2048K, 20 young (40960K), 6 survivors (12288K)
 Metaspace       used 104842K, committed 105600K, reserved 1146880K
  class space    used 14106K, committed 14464K, reserved 1048576K
}
Event: 36.430 GC heap after
{Heap after GC invocations=39 (full 0):
 garbage-first heap   total 235520K, used 173311K [0x0000000741800000, 0x0000000800000000)
  region size 2048K, 4 young (8192K), 4 survivors (8192K)
 Metaspace       used 104842K, committed 105600K, reserved 1146880K
  class space    used 14106K, committed 14464K, reserved 1048576K
}
Event: 37.039 GC heap before
{Heap before GC invocations=40 (full 0):
 garbage-first heap   total 305152K, used 191743K [0x0000000741800000, 0x0000000800000000)
  region size 2048K, 14 young (28672K), 4 survivors (8192K)
 Metaspace       used 105169K, committed 105920K, reserved 1146880K
  class space    used 14153K, committed 14528K, reserved 1048576K
}
Event: 37.054 GC heap after
{Heap after GC invocations=41 (full 0):
 garbage-first heap   total 305152K, used 180694K [0x0000000741800000, 0x0000000800000000)
  region size 2048K, 2 young (4096K), 2 survivors (4096K)
 Metaspace       used 105169K, committed 105920K, reserved 1146880K
  class space    used 14153K, committed 14528K, reserved 1048576K
}
Event: 37.209 GC heap before
{Heap before GC invocations=41 (full 0):
 garbage-first heap   total 305152K, used 190934K [0x0000000741800000, 0x0000000800000000)
  region size 2048K, 7 young (14336K), 2 survivors (4096K)
 Metaspace       used 105169K, committed 105920K, reserved 1146880K
  class space    used 14153K, committed 14528K, reserved 1048576K
}
Event: 37.226 GC heap after
{Heap after GC invocations=42 (full 0):
 garbage-first heap   total 305152K, used 183919K [0x0000000741800000, 0x0000000800000000)
  region size 2048K, 1 young (2048K), 1 survivors (2048K)
 Metaspace       used 105169K, committed 105920K, reserved 1146880K
  class space    used 14153K, committed 14528K, reserved 1048576K
}
Event: 37.861 GC heap before
{Heap before GC invocations=42 (full 0):
 garbage-first heap   total 305152K, used 237167K [0x0000000741800000, 0x0000000800000000)
  region size 2048K, 26 young (53248K), 1 survivors (2048K)
 Metaspace       used 105186K, committed 105920K, reserved 1146880K
  class space    used 14154K, committed 14528K, reserved 1048576K
}
Event: 37.909 GC heap after
{Heap after GC invocations=43 (full 0):
 garbage-first heap   total 305152K, used 208290K [0x0000000741800000, 0x0000000800000000)
  region size 2048K, 4 young (8192K), 4 survivors (8192K)
 Metaspace       used 105186K, committed 105920K, reserved 1146880K
  class space    used 14154K, committed 14528K, reserved 1048576K
}
Event: 37.948 GC heap before
{Heap before GC invocations=43 (full 0):
 garbage-first heap   total 305152K, used 214434K [0x0000000741800000, 0x0000000800000000)
  region size 2048K, 8 young (16384K), 4 survivors (8192K)
 Metaspace       used 105186K, committed 105920K, reserved 1146880K
  class space    used 14154K, committed 14528K, reserved 1048576K
}

