# JRE version: OpenJDK Runtime Environment (17.0.6) (build 17.0.6+0-b2043.56-9586694)
# Java VM: OpenJDK 64-Bit Server VM (17.0.6+0-b2043.56-9586694, mixed mode, tiered, compressed oops, compressed class ptrs, g1 gc, windows-amd64)
GC Precious Log:
 CPUs: 4 total, 4 available
 Memory: 12190M
 Large Page Support: Disabled
 NUMA Support: Disabled
 Compressed Oops: Enabled (Zero based)
 Heap Region Size: 2M
 Heap Min Capacity: 8M
 Heap Initial Capacity: 192M
 Heap Max Capacity: 3048M
 Pre-touch: Disabled
 Parallel Workers: 4
 Concurrent Workers: 1
 Concurrent Refinement Workers: 4
 Periodic GC: Disabled
Heap:
 garbage-first heap   total 684032K, used 413617K [0x0000000741800000, 0x0000000800000000)
  region size 2048K, 2 young (4096K), 2 survivors (4096K)
 Metaspace       used 180467K, committed 182080K, reserved 1212416K
  class space    used 23555K, committed 24320K, reserved 1048576K
GC Heap History (20 events):
Event: 1663.732 GC heap after
{Heap after GC invocations=95 (full 0):
 garbage-first heap   total 440320K, used 321603K [0x0000000741800000, 0x0000000800000000)
  region size 2048K, 2 young (4096K), 2 survivors (4096K)
 Metaspace       used 179719K, committed 181312K, reserved 1212416K
  class space    used 23528K, committed 24320K, reserved 1048576K
}
Event: 1664.352 GC heap before
{Heap before GC invocations=95 (full 0):
 garbage-first heap   total 440320K, used 389187K [0x0000000741800000, 0x0000000800000000)
  region size 2048K, 35 young (71680K), 2 survivors (4096K)
 Metaspace       used 179732K, committed 181312K, reserved 1212416K
  class space    used 23530K, committed 24320K, reserved 1048576K
}
Event: 1664.362 GC heap after
{Heap after GC invocations=96 (full 0):
 garbage-first heap   total 440320K, used 321542K [0x0000000741800000, 0x0000000800000000)
  region size 2048K, 2 young (4096K), 2 survivors (4096K)
 Metaspace       used 179732K, committed 181312K, reserved 1212416K
  class space    used 23530K, committed 24320K, reserved 1048576K
}
Event: 1665.250 GC heap before
{Heap before GC invocations=96 (full 0):
 garbage-first heap   total 440320K, used 389126K [0x0000000741800000, 0x0000000800000000)
  region size 2048K, 35 young (71680K), 2 survivors (4096K)
 Metaspace       used 179733K, committed 181312K, reserved 1212416K
  class space    used 23530K, committed 24320K, reserved 1048576K
}
Event: 1665.259 GC heap after
{Heap after GC invocations=97 (full 0):
 garbage-first heap   total 440320K, used 321888K [0x0000000741800000, 0x0000000800000000)
  region size 2048K, 2 young (4096K), 2 survivors (4096K)
 Metaspace       used 179733K, committed 181312K, reserved 1212416K
  class space    used 23530K, committed 24320K, reserved 1048576K
}
Event: 1666.785 GC heap before
{Heap before GC invocations=97 (full 0):
 garbage-first heap   total 440320K, used 399712K [0x0000000741800000, 0x0000000800000000)
  region size 2048K, 35 young (71680K), 2 survivors (4096K)
 Metaspace       used 179916K, committed 181504K, reserved 1212416K
  class space    used 23537K, committed 24320K, reserved 1048576K
}
Event: 1666.795 GC heap after
{Heap after GC invocations=98 (full 0):
 garbage-first heap   total 440320K, used 338356K [0x0000000741800000, 0x0000000800000000)
  region size 2048K, 4 young (8192K), 4 survivors (8192K)
 Metaspace       used 179916K, committed 181504K, reserved 1212416K
  class space    used 23537K, committed 24320K, reserved 1048576K
}
Event: 1667.859 GC heap before
{Heap before GC invocations=98 (full 0):
 garbage-first heap   total 440320K, used 393652K [0x0000000741800000, 0x0000000800000000)
  region size 2048K, 27 young (55296K), 4 survivors (8192K)
 Metaspace       used 180042K, committed 181632K, reserved 1212416K
  class space    used 23543K, committed 24320K, reserved 1048576K
}
Event: 1667.877 GC heap after
{Heap after GC invocations=99 (full 0):
 garbage-first heap   total 440320K, used 360351K [0x0000000741800000, 0x0000000800000000)
  region size 2048K, 4 young (8192K), 4 survivors (8192K)
 Metaspace       used 180042K, committed 181632K, reserved 1212416K
  class space    used 23543K, committed 24320K, reserved 1048576K
}
Event: 1667.908 GC heap before
{Heap before GC invocations=99 (full 0):
 garbage-first heap   total 440320K, used 403359K [0x0000000741800000, 0x0000000800000000)
  region size 2048K, 14 young (28672K), 4 survivors (8192K)
 Metaspace       used 180044K, committed 181632K, reserved 1212416K
  class space    used 23543K, committed 24320K, reserved 1048576K
}
Event: 1667.915 GC heap after
{Heap after GC invocations=100 (full 0):
 garbage-first heap   total 440320K, used 380007K [0x0000000741800000, 0x0000000800000000)
  region size 2048K, 2 young (4096K), 2 survivors (4096K)
 Metaspace       used 180044K, committed 181632K, reserved 1212416K
  class space    used 23543K, committed 24320K, reserved 1048576K
}
Event: 1667.917 GC heap before
{Heap before GC invocations=100 (full 0):
 garbage-first heap   total 440320K, used 380007K [0x0000000741800000, 0x0000000800000000)
  region size 2048K, 3 young (6144K), 2 survivors (4096K)
 Metaspace       used 180044K, committed 181632K, reserved 1212416K
  class space    used 23543K, committed 24320K, reserved 1048576K
}
Event: 1667.920 GC heap after
{Heap after GC invocations=101 (full 0):
 garbage-first heap   total 440320K, used 380640K [0x0000000741800000, 0x0000000800000000)
  region size 2048K, 1 young (2048K), 1 survivors (2048K)
 Metaspace       used 180044K, committed 181632K, reserved 1212416K
  class space    used 23543K, committed 24320K, reserved 1048576K
}
Event: 1668.209 GC heap before
{Heap before GC invocations=101 (full 0):
 garbage-first heap   total 440320K, used 415456K [0x0000000741800000, 0x0000000800000000)
  region size 2048K, 10 young (20480K), 1 survivors (2048K)
 Metaspace       used 180058K, committed 181696K, reserved 1212416K
  class space    used 23543K, committed 24320K, reserved 1048576K
}
Event: 1668.216 GC heap after
{Heap after GC invocations=102 (full 0):
 garbage-first heap   total 440320K, used 395058K [0x0000000741800000, 0x0000000800000000)
  region size 2048K, 2 young (4096K), 2 survivors (4096K)
 Metaspace       used 180058K, committed 181696K, reserved 1212416K
  class space    used 23543K, committed 24320K, reserved 1048576K
}
Event: 1668.542 GC heap before
{Heap before GC invocations=102 (full 0):
 garbage-first heap   total 684032K, used 409394K [0x0000000741800000, 0x0000000800000000)
  region size 2048K, 10 young (20480K), 2 survivors (4096K)
 Metaspace       used 180006K, committed 181696K, reserved 1212416K
  class space    used 23526K, committed 24320K, reserved 1048576K
}
Event: 1668.561 GC heap after
{Heap after GC invocations=103 (full 0):
 garbage-first heap   total 684032K, used 398838K [0x0000000741800000, 0x0000000800000000)
  region size 2048K, 2 young (4096K), 2 survivors (4096K)
 Metaspace       used 180006K, committed 181696K, reserved 1212416K
  class space    used 23526K, committed 24320K, reserved 1048576K
}
Event: 1669.983 GC heap before
{Heap before GC invocations=104 (full 0):
 garbage-first heap   total 684032K, used 525814K [0x0000000741800000, 0x0000000800000000)
  region size 2048K, 63 young (129024K), 2 survivors (4096K)
 Metaspace       used 180455K, committed 182016K, reserved 1212416K
  class space    used 23555K, committed 24320K, reserved 1048576K
}
Event: 1670.100 GC heap after
{Heap after GC invocations=105 (full 0):
 garbage-first heap   total 684032K, used 447173K [0x0000000741800000, 0x0000000800000000)
  region size 2048K, 8 young (16384K), 8 survivors (16384K)
 Metaspace       used 180455K, committed 182016K, reserved 1212416K
  class space    used 23555K, committed 24320K, reserved 1048576K
}
Event: 1670.340 GC heap before
{Heap before GC invocations=105 (full 0):
 garbage-first heap   total 684032K, used 463557K [0x0000000741800000, 0x0000000800000000)
  region size 2048K, 16 young (32768K), 8 survivors (16384K)
 Metaspace       used 180467K, committed 182080K, reserved 1212416K
  class space    used 23555K, committed 24320K, reserved 1048576K
}

