# JRE version: OpenJDK Runtime Environment (17.0.6) (build 17.0.6+0-b2043.56-9586694)
# Java VM: OpenJDK 64-Bit Server VM (17.0.6+0-b2043.56-9586694, mixed mode, tiered, compressed oops, compressed class ptrs, g1 gc, windows-amd64)
GC Precious Log:
 CPUs: 4 total, 4 available
 Memory: 12190M
 Large Page Support: Disabled
 NUMA Support: Disabled
 Compressed Oops: Enabled (Zero based)
 Heap Region Size: 2M
 Heap Min Capacity: 8M
 Heap Initial Capacity: 192M
 Heap Max Capacity: 3048M
 Pre-touch: Disabled
 Parallel Workers: 4
 Concurrent Workers: 1
 Concurrent Refinement Workers: 4
 Periodic GC: Disabled
Heap:
 garbage-first heap   total 448512K, used 283504K [0x0000000741800000, 0x0000000800000000)
  region size 2048K, 2 young (4096K), 2 survivors (4096K)
 Metaspace       used 171362K, committed 172608K, reserved 1204224K
  class space    used 22278K, committed 22976K, reserved 1048576K
GC Heap History (20 events):
Event: 10748.870 GC heap after
{Heap after GC invocations=70 (full 1):
 garbage-first heap   total 364544K, used 232972K [0x0000000741800000, 0x0000000800000000)
  region size 2048K, 1 young (2048K), 1 survivors (2048K)
 Metaspace       used 164516K, committed 165568K, reserved 1196032K
  class space    used 21552K, committed 22016K, reserved 1048576K
}
Event: 10755.005 GC heap before
{Heap before GC invocations=70 (full 1):
 garbage-first heap   total 364544K, used 302604K [0x0000000741800000, 0x0000000800000000)
  region size 2048K, 36 young (73728K), 1 survivors (2048K)
 Metaspace       used 167194K, committed 168256K, reserved 1196032K
  class space    used 21870K, committed 22400K, reserved 1048576K
}
Event: 10755.022 GC heap after
{Heap after GC invocations=71 (full 1):
 garbage-first heap   total 364544K, used 239494K [0x0000000741800000, 0x0000000800000000)
  region size 2048K, 4 young (8192K), 4 survivors (8192K)
 Metaspace       used 167194K, committed 168256K, reserved 1196032K
  class space    used 21870K, committed 22400K, reserved 1048576K
}
Event: 10768.469 GC heap before
{Heap before GC invocations=72 (full 1):
 garbage-first heap   total 419840K, used 298886K [0x0000000741800000, 0x0000000800000000)
  region size 2048K, 33 young (67584K), 4 survivors (8192K)
 Metaspace       used 169237K, committed 170560K, reserved 1204224K
  class space    used 22180K, committed 22848K, reserved 1048576K
}
Event: 10768.491 GC heap after
{Heap after GC invocations=73 (full 1):
 garbage-first heap   total 419840K, used 243810K [0x0000000741800000, 0x0000000800000000)
  region size 2048K, 3 young (6144K), 3 survivors (6144K)
 Metaspace       used 169237K, committed 170560K, reserved 1204224K
  class space    used 22180K, committed 22848K, reserved 1048576K
}
Event: 10769.343 GC heap before
{Heap before GC invocations=73 (full 1):
 garbage-first heap   total 419840K, used 258146K [0x0000000741800000, 0x0000000800000000)
  region size 2048K, 10 young (20480K), 3 survivors (6144K)
 Metaspace       used 170773K, committed 172160K, reserved 1204224K
  class space    used 22399K, committed 23104K, reserved 1048576K
}
Event: 10769.363 GC heap after
{Heap after GC invocations=74 (full 1):
 garbage-first heap   total 419840K, used 243966K [0x0000000741800000, 0x0000000800000000)
  region size 2048K, 1 young (2048K), 1 survivors (2048K)
 Metaspace       used 170773K, committed 172160K, reserved 1204224K
  class space    used 22399K, committed 23104K, reserved 1048576K
}
Event: 14162.275 GC heap before
{Heap before GC invocations=74 (full 1):
 garbage-first heap   total 419840K, used 346366K [0x0000000741800000, 0x0000000800000000)
  region size 2048K, 51 young (104448K), 1 survivors (2048K)
 Metaspace       used 170897K, committed 172288K, reserved 1204224K
  class space    used 22405K, committed 23104K, reserved 1048576K
}
Event: 14162.323 GC heap after
{Heap after GC invocations=75 (full 1):
 garbage-first heap   total 419840K, used 247625K [0x0000000741800000, 0x0000000800000000)
  region size 2048K, 3 young (6144K), 3 survivors (6144K)
 Metaspace       used 170897K, committed 172288K, reserved 1204224K
  class space    used 22405K, committed 23104K, reserved 1048576K
}
Event: 14163.938 GC heap before
{Heap before GC invocations=76 (full 1):
 garbage-first heap   total 430080K, used 350025K [0x0000000741800000, 0x0000000800000000)
  region size 2048K, 53 young (108544K), 3 survivors (6144K)
 Metaspace       used 169726K, committed 171840K, reserved 1204224K
  class space    used 22152K, committed 22976K, reserved 1048576K
}
Event: 14163.959 GC heap after
{Heap after GC invocations=77 (full 1):
 garbage-first heap   total 430080K, used 254235K [0x0000000741800000, 0x0000000800000000)
  region size 2048K, 6 young (12288K), 6 survivors (12288K)
 Metaspace       used 169726K, committed 171840K, reserved 1204224K
  class space    used 22152K, committed 22976K, reserved 1048576K
}
Event: 14164.205 GC heap before
{Heap before GC invocations=77 (full 1):
 garbage-first heap   total 430080K, used 262427K [0x0000000741800000, 0x0000000800000000)
  region size 2048K, 10 young (20480K), 6 survivors (12288K)
 Metaspace       used 169727K, committed 171840K, reserved 1204224K
  class space    used 22152K, committed 22976K, reserved 1048576K
}
Event: 14164.278 GC heap after
{Heap after GC invocations=78 (full 1):
 garbage-first heap   total 430080K, used 251058K [0x0000000741800000, 0x0000000800000000)
  region size 2048K, 1 young (2048K), 1 survivors (2048K)
 Metaspace       used 169727K, committed 171840K, reserved 1204224K
  class space    used 22152K, committed 22976K, reserved 1048576K
}
Event: 14173.891 GC heap before
{Heap before GC invocations=78 (full 1):
 garbage-first heap   total 430080K, used 306354K [0x0000000741800000, 0x0000000800000000)
  region size 2048K, 30 young (61440K), 1 survivors (2048K)
 Metaspace       used 170365K, committed 171840K, reserved 1204224K
  class space    used 22222K, committed 22976K, reserved 1048576K
}
Event: 14173.904 GC heap after
{Heap after GC invocations=79 (full 1):
 garbage-first heap   total 430080K, used 256200K [0x0000000741800000, 0x0000000800000000)
  region size 2048K, 4 young (8192K), 4 survivors (8192K)
 Metaspace       used 170365K, committed 171840K, reserved 1204224K
  class space    used 22222K, committed 22976K, reserved 1048576K
}
Event: 14179.085 GC heap before
{Heap before GC invocations=80 (full 1):
 garbage-first heap   total 448512K, used 379080K [0x0000000741800000, 0x0000000800000000)
  region size 2048K, 54 young (110592K), 4 survivors (8192K)
 Metaspace       used 171337K, committed 172608K, reserved 1204224K
  class space    used 22278K, committed 22976K, reserved 1048576K
}
Event: 14179.104 GC heap after
{Heap after GC invocations=81 (full 1):
 garbage-first heap   total 448512K, used 290112K [0x0000000741800000, 0x0000000800000000)
  region size 2048K, 7 young (14336K), 7 survivors (14336K)
 Metaspace       used 171337K, committed 172608K, reserved 1204224K
  class space    used 22278K, committed 22976K, reserved 1048576K
}
Event: 14179.228 GC heap before
{Heap before GC invocations=81 (full 1):
 garbage-first heap   total 448512K, used 296256K [0x0000000741800000, 0x0000000800000000)
  region size 2048K, 10 young (20480K), 7 survivors (14336K)
 Metaspace       used 171359K, committed 172608K, reserved 1204224K
  class space    used 22278K, committed 22976K, reserved 1048576K
}
Event: 14179.283 GC heap after
{Heap after GC invocations=82 (full 1):
 garbage-first heap   total 448512K, used 282227K [0x0000000741800000, 0x0000000800000000)
  region size 2048K, 2 young (4096K), 2 survivors (4096K)
 Metaspace       used 171359K, committed 172608K, reserved 1204224K
  class space    used 22278K, committed 22976K, reserved 1048576K
}
Event: 14179.338 GC heap before
{Heap before GC invocations=82 (full 1):
 garbage-first heap   total 448512K, used 284275K [0x0000000741800000, 0x0000000800000000)
  region size 2048K, 4 young (8192K), 2 survivors (4096K)
 Metaspace       used 171362K, committed 172608K, reserved 1204224K
  class space    used 22278K, committed 22976K, reserved 1048576K
}

