# JRE version: OpenJDK Runtime Environment (17.0.6) (build 17.0.6+0-b2043.56-9586694)
# Java VM: OpenJDK 64-Bit Server VM (17.0.6+0-b2043.56-9586694, mixed mode, tiered, compressed oops, compressed class ptrs, g1 gc, windows-amd64)
GC Precious Log:
 CPUs: 4 total, 4 available
 Memory: 12190M
 Large Page Support: Disabled
 NUMA Support: Disabled
 Compressed Oops: Enabled (Zero based)
 Heap Region Size: 2M
 Heap Min Capacity: 8M
 Heap Initial Capacity: 192M
 Heap Max Capacity: 3048M
 Pre-touch: Disabled
 Parallel Workers: 4
 Concurrent Workers: 1
 Concurrent Refinement Workers: 4
 Periodic GC: Disabled
Heap:
 garbage-first heap   total 372736K, used 245578K [0x0000000741800000, 0x0000000800000000)
  region size 2048K, 10 young (20480K), 3 survivors (6144K)
 Metaspace       used 120169K, committed 121152K, reserved 1155072K
  class space    used 15800K, committed 16256K, reserved 1048576K
GC Heap History (20 events):
Event: 29.163 GC heap before
{Heap before GC invocations=42 (full 0):
 garbage-first heap   total 307200K, used 255124K [0x0000000741800000, 0x0000000800000000)
  region size 2048K, 40 young (81920K), 1 survivors (2048K)
 Metaspace       used 91826K, committed 92544K, reserved 1130496K
  class space    used 12282K, committed 12608K, reserved 1048576K
}
Event: 29.176 GC heap after
{Heap after GC invocations=43 (full 0):
 garbage-first heap   total 307200K, used 184467K [0x0000000741800000, 0x0000000800000000)
  region size 2048K, 5 young (10240K), 5 survivors (10240K)
 Metaspace       used 91826K, committed 92544K, reserved 1130496K
  class space    used 12282K, committed 12608K, reserved 1048576K
}
Event: 29.359 GC heap before
{Heap before GC invocations=43 (full 0):
 garbage-first heap   total 307200K, used 188563K [0x0000000741800000, 0x0000000800000000)
  region size 2048K, 7 young (14336K), 5 survivors (10240K)
 Metaspace       used 92187K, committed 92928K, reserved 1130496K
  class space    used 12328K, committed 12672K, reserved 1048576K
}
Event: 29.375 GC heap after
{Heap after GC invocations=44 (full 0):
 garbage-first heap   total 307200K, used 184293K [0x0000000741800000, 0x0000000800000000)
  region size 2048K, 1 young (2048K), 1 survivors (2048K)
 Metaspace       used 92187K, committed 92928K, reserved 1130496K
  class space    used 12328K, committed 12672K, reserved 1048576K
}
Event: 32.371 GC heap before
{Heap before GC invocations=44 (full 0):
 garbage-first heap   total 307200K, used 255973K [0x0000000741800000, 0x0000000800000000)
  region size 2048K, 36 young (73728K), 1 survivors (2048K)
 Metaspace       used 99541K, committed 100352K, reserved 1138688K
  class space    used 13276K, committed 13632K, reserved 1048576K
}
Event: 32.386 GC heap after
{Heap after GC invocations=45 (full 0):
 garbage-first heap   total 307200K, used 190753K [0x0000000741800000, 0x0000000800000000)
  region size 2048K, 4 young (8192K), 4 survivors (8192K)
 Metaspace       used 99541K, committed 100352K, reserved 1138688K
  class space    used 13276K, committed 13632K, reserved 1048576K
}
Event: 34.296 GC heap before
{Heap before GC invocations=46 (full 0):
 garbage-first heap   total 335872K, used 250145K [0x0000000741800000, 0x0000000800000000)
  region size 2048K, 34 young (69632K), 4 survivors (8192K)
 Metaspace       used 100242K, committed 100992K, reserved 1138688K
  class space    used 13315K, committed 13632K, reserved 1048576K
}
Event: 34.314 GC heap after
{Heap after GC invocations=47 (full 0):
 garbage-first heap   total 335872K, used 195003K [0x0000000741800000, 0x0000000800000000)
  region size 2048K, 3 young (6144K), 3 survivors (6144K)
 Metaspace       used 100242K, committed 100992K, reserved 1138688K
  class space    used 13315K, committed 13632K, reserved 1048576K
}
Event: 37.297 GC heap before
{Heap before GC invocations=47 (full 0):
 garbage-first heap   total 335872K, used 272827K [0x0000000741800000, 0x0000000800000000)
  region size 2048K, 42 young (86016K), 3 survivors (6144K)
 Metaspace       used 103568K, committed 104384K, reserved 1146880K
  class space    used 13768K, committed 14144K, reserved 1048576K
}
Event: 37.318 GC heap after
{Heap after GC invocations=48 (full 0):
 garbage-first heap   total 335872K, used 199469K [0x0000000741800000, 0x0000000800000000)
  region size 2048K, 5 young (10240K), 5 survivors (10240K)
 Metaspace       used 103568K, committed 104384K, reserved 1146880K
  class space    used 13768K, committed 14144K, reserved 1048576K
}
Event: 40.549 GC heap before
{Heap before GC invocations=48 (full 0):
 garbage-first heap   total 335872K, used 277293K [0x0000000741800000, 0x0000000800000000)
  region size 2048K, 43 young (88064K), 5 survivors (10240K)
 Metaspace       used 109740K, committed 110592K, reserved 1146880K
  class space    used 14534K, committed 14912K, reserved 1048576K
}
Event: 40.575 GC heap after
{Heap after GC invocations=49 (full 0):
 garbage-first heap   total 335872K, used 206755K [0x0000000741800000, 0x0000000800000000)
  region size 2048K, 6 young (12288K), 6 survivors (12288K)
 Metaspace       used 109740K, committed 110592K, reserved 1146880K
  class space    used 14534K, committed 14912K, reserved 1048576K
}
Event: 307.125 GC heap before
{Heap before GC invocations=49 (full 0):
 garbage-first heap   total 335872K, used 278435K [0x0000000741800000, 0x0000000800000000)
  region size 2048K, 42 young (86016K), 6 survivors (12288K)
 Metaspace       used 115507K, committed 116480K, reserved 1155072K
  class space    used 15122K, committed 15552K, reserved 1048576K
}
Event: 307.155 GC heap after
{Heap after GC invocations=50 (full 0):
 garbage-first heap   total 335872K, used 214130K [0x0000000741800000, 0x0000000800000000)
  region size 2048K, 4 young (8192K), 4 survivors (8192K)
 Metaspace       used 115507K, committed 116480K, reserved 1155072K
  class space    used 15122K, committed 15552K, reserved 1048576K
}
Event: 308.742 GC heap before
{Heap before GC invocations=51 (full 0):
 garbage-first heap   total 372736K, used 279666K [0x0000000741800000, 0x0000000800000000)
  region size 2048K, 36 young (73728K), 4 survivors (8192K)
 Metaspace       used 116862K, committed 117760K, reserved 1155072K
  class space    used 15276K, committed 15680K, reserved 1048576K
}
Event: 308.767 GC heap after
{Heap after GC invocations=52 (full 0):
 garbage-first heap   total 372736K, used 222691K [0x0000000741800000, 0x0000000800000000)
  region size 2048K, 5 young (10240K), 5 survivors (10240K)
 Metaspace       used 116862K, committed 117760K, reserved 1155072K
  class space    used 15276K, committed 15680K, reserved 1048576K
}
Event: 311.081 GC heap before
{Heap before GC invocations=52 (full 0):
 garbage-first heap   total 372736K, used 304611K [0x0000000741800000, 0x0000000800000000)
  region size 2048K, 46 young (94208K), 5 survivors (10240K)
 Metaspace       used 117897K, committed 118848K, reserved 1155072K
  class space    used 15443K, committed 15872K, reserved 1048576K
}
Event: 311.110 GC heap after
{Heap after GC invocations=53 (full 0):
 garbage-first heap   total 372736K, used 230468K [0x0000000741800000, 0x0000000800000000)
  region size 2048K, 4 young (8192K), 4 survivors (8192K)
 Metaspace       used 117897K, committed 118848K, reserved 1155072K
  class space    used 15443K, committed 15872K, reserved 1048576K
}
Event: 313.675 GC heap before
{Heap before GC invocations=53 (full 0):
 garbage-first heap   total 372736K, used 308292K [0x0000000741800000, 0x0000000800000000)
  region size 2048K, 43 young (88064K), 4 survivors (8192K)
 Metaspace       used 120155K, committed 121152K, reserved 1155072K
  class space    used 15799K, committed 16256K, reserved 1048576K
}
Event: 313.697 GC heap after
{Heap after GC invocations=54 (full 0):
 garbage-first heap   total 372736K, used 235338K [0x0000000741800000, 0x0000000800000000)
  region size 2048K, 3 young (6144K), 3 survivors (6144K)
 Metaspace       used 120155K, committed 121152K, reserved 1155072K
  class space    used 15799K, committed 16256K, reserved 1048576K
}

