# JRE version: OpenJDK Runtime Environment (17.0.6) (build 17.0.6+0-b2043.56-9586694)
# Java VM: OpenJDK 64-Bit Server VM (17.0.6+0-b2043.56-9586694, mixed mode, tiered, compressed oops, compressed class ptrs, g1 gc, windows-amd64)
GC Precious Log:
 CPUs: 4 total, 4 available
 Memory: 12190M
 Large Page Support: Disabled
 NUMA Support: Disabled
 Compressed Oops: Enabled (Zero based)
 Heap Region Size: 2M
 Heap Min Capacity: 8M
 Heap Initial Capacity: 192M
 Heap Max Capacity: 3048M
 Pre-touch: Disabled
 Parallel Workers: 4
 Concurrent Workers: 1
 Concurrent Refinement Workers: 4
 Periodic GC: Disabled
Heap:
 garbage-first heap   total 794624K, used 666497K [0x0000000741800000, 0x0000000800000000)
  region size 2048K, 3 young (6144K), 3 survivors (6144K)
 Metaspace       used 185206K, committed 187072K, reserved 1212416K
  class space    used 24014K, committed 24896K, reserved 1048576K
GC Heap History (20 events):
Event: 8496.579 GC heap after
{Heap after GC invocations=117 (full 0):
 garbage-first heap   total 794624K, used 449423K [0x0000000741800000, 0x0000000800000000)
  region size 2048K, 7 young (14336K), 7 survivors (14336K)
 Metaspace       used 183363K, committed 185216K, reserved 1212416K
  class space    used 23785K, committed 24640K, reserved 1048576K
}
Event: 8498.488 GC heap before
{Heap before GC invocations=117 (full 0):
 garbage-first heap   total 794624K, used 691087K [0x0000000741800000, 0x0000000800000000)
  region size 2048K, 125 young (256000K), 7 survivors (14336K)
 Metaspace       used 183371K, committed 185216K, reserved 1212416K
  class space    used 23785K, committed 24640K, reserved 1048576K
}
Event: 8498.513 GC heap after
{Heap after GC invocations=118 (full 0):
 garbage-first heap   total 794624K, used 450386K [0x0000000741800000, 0x0000000800000000)
  region size 2048K, 7 young (14336K), 7 survivors (14336K)
 Metaspace       used 183371K, committed 185216K, reserved 1212416K
  class space    used 23785K, committed 24640K, reserved 1048576K
}
Event: 8500.286 GC heap before
{Heap before GC invocations=118 (full 0):
 garbage-first heap   total 794624K, used 696146K [0x0000000741800000, 0x0000000800000000)
  region size 2048K, 127 young (260096K), 7 survivors (14336K)
 Metaspace       used 183383K, committed 185216K, reserved 1212416K
  class space    used 23785K, committed 24640K, reserved 1048576K
}
Event: 8500.316 GC heap after
{Heap after GC invocations=119 (full 0):
 garbage-first heap   total 794624K, used 451682K [0x0000000741800000, 0x0000000800000000)
  region size 2048K, 8 young (16384K), 8 survivors (16384K)
 Metaspace       used 183383K, committed 185216K, reserved 1212416K
  class space    used 23785K, committed 24640K, reserved 1048576K
}
Event: 8504.351 GC heap before
{Heap before GC invocations=119 (full 0):
 garbage-first heap   total 794624K, used 717922K [0x0000000741800000, 0x0000000800000000)
  region size 2048K, 128 young (262144K), 8 survivors (16384K)
 Metaspace       used 183621K, committed 185408K, reserved 1212416K
  class space    used 23807K, committed 24640K, reserved 1048576K
}
Event: 8504.377 GC heap after
{Heap after GC invocations=120 (full 0):
 garbage-first heap   total 794624K, used 466269K [0x0000000741800000, 0x0000000800000000)
  region size 2048K, 9 young (18432K), 9 survivors (18432K)
 Metaspace       used 183621K, committed 185408K, reserved 1212416K
  class space    used 23807K, committed 24640K, reserved 1048576K
}
Event: 8505.723 GC heap before
{Heap before GC invocations=120 (full 0):
 garbage-first heap   total 794624K, used 552285K [0x0000000741800000, 0x0000000800000000)
  region size 2048K, 30 young (61440K), 9 survivors (18432K)
 Metaspace       used 184560K, committed 186432K, reserved 1212416K
  class space    used 23958K, committed 24832K, reserved 1048576K
}
Event: 8505.751 GC heap after
{Heap after GC invocations=121 (full 0):
 garbage-first heap   total 794624K, used 513535K [0x0000000741800000, 0x0000000800000000)
  region size 2048K, 15 young (30720K), 15 survivors (30720K)
 Metaspace       used 184560K, committed 186432K, reserved 1212416K
  class space    used 23958K, committed 24832K, reserved 1048576K
}
Event: 8506.911 GC heap before
{Heap before GC invocations=121 (full 0):
 garbage-first heap   total 794624K, used 650751K [0x0000000741800000, 0x0000000800000000)
  region size 2048K, 79 young (161792K), 15 survivors (30720K)
 Metaspace       used 184665K, committed 186624K, reserved 1212416K
  class space    used 23960K, committed 24896K, reserved 1048576K
}
Event: 8507.041 GC heap after
{Heap after GC invocations=122 (full 0):
 garbage-first heap   total 794624K, used 564481K [0x0000000741800000, 0x0000000800000000)
  region size 2048K, 10 young (20480K), 10 survivors (20480K)
 Metaspace       used 184665K, committed 186624K, reserved 1212416K
  class space    used 23960K, committed 24896K, reserved 1048576K
}
Event: 8507.778 GC heap before
{Heap before GC invocations=122 (full 0):
 garbage-first heap   total 794624K, used 648449K [0x0000000741800000, 0x0000000800000000)
  region size 2048K, 51 young (104448K), 10 survivors (20480K)
 Metaspace       used 184721K, committed 186688K, reserved 1212416K
  class space    used 23960K, committed 24896K, reserved 1048576K
}
Event: 8507.918 GC heap after
{Heap after GC invocations=123 (full 0):
 garbage-first heap   total 794624K, used 610130K [0x0000000741800000, 0x0000000800000000)
  region size 2048K, 7 young (14336K), 7 survivors (14336K)
 Metaspace       used 184721K, committed 186688K, reserved 1212416K
  class space    used 23960K, committed 24896K, reserved 1048576K
}
Event: 8508.248 GC heap before
{Heap before GC invocations=123 (full 0):
 garbage-first heap   total 794624K, used 661330K [0x0000000741800000, 0x0000000800000000)
  region size 2048K, 32 young (65536K), 7 survivors (14336K)
 Metaspace       used 184726K, committed 186688K, reserved 1212416K
  class space    used 23960K, committed 24896K, reserved 1048576K
}
Event: 8508.369 GC heap after
{Heap after GC invocations=124 (full 0):
 garbage-first heap   total 794624K, used 638802K [0x0000000741800000, 0x0000000800000000)
  region size 2048K, 4 young (8192K), 4 survivors (8192K)
 Metaspace       used 184726K, committed 186688K, reserved 1212416K
  class space    used 23960K, committed 24896K, reserved 1048576K
}
Event: 8509.150 GC heap before
{Heap before GC invocations=124 (full 0):
 garbage-first heap   total 794624K, used 673618K [0x0000000741800000, 0x0000000800000000)
  region size 2048K, 21 young (43008K), 4 survivors (8192K)
 Metaspace       used 184780K, committed 186688K, reserved 1212416K
  class space    used 23961K, committed 24896K, reserved 1048576K
}
Event: 8509.205 GC heap after
{Heap after GC invocations=125 (full 0):
 garbage-first heap   total 794624K, used 655186K [0x0000000741800000, 0x0000000800000000)
  region size 2048K, 3 young (6144K), 3 survivors (6144K)
 Metaspace       used 184780K, committed 186688K, reserved 1212416K
  class space    used 23961K, committed 24896K, reserved 1048576K
}
Event: 8509.859 GC heap before
{Heap before GC invocations=125 (full 0):
 garbage-first heap   total 794624K, used 685906K [0x0000000741800000, 0x0000000800000000)
  region size 2048K, 19 young (38912K), 3 survivors (6144K)
 Metaspace       used 185198K, committed 187072K, reserved 1212416K
  class space    used 24014K, committed 24896K, reserved 1048576K
}
Event: 8509.895 GC heap after
{Heap after GC invocations=126 (full 0):
 garbage-first heap   total 794624K, used 662040K [0x0000000741800000, 0x0000000800000000)
  region size 2048K, 3 young (6144K), 3 survivors (6144K)
 Metaspace       used 185198K, committed 187072K, reserved 1212416K
  class space    used 24014K, committed 24896K, reserved 1048576K
}
Event: 8510.217 GC heap before
{Heap before GC invocations=126 (full 0):
 garbage-first heap   total 794624K, used 694808K [0x0000000741800000, 0x0000000800000000)
  region size 2048K, 19 young (38912K), 3 survivors (6144K)
 Metaspace       used 185206K, committed 187072K, reserved 1212416K
  class space    used 24014K, committed 24896K, reserved 1048576K
}

