# JRE version: OpenJDK Runtime Environment (17.0.6) (build 17.0.6+0-b2043.56-9586694)
# Java VM: OpenJDK 64-Bit Server VM (17.0.6+0-b2043.56-9586694, mixed mode, tiered, compressed oops, compressed class ptrs, g1 gc, windows-amd64)
GC Precious Log:
 CPUs: 4 total, 4 available
 Memory: 12190M
 Large Page Support: Disabled
 NUMA Support: Disabled
 Compressed Oops: Enabled (Zero based)
 Heap Region Size: 2M
 Heap Min Capacity: 8M
 Heap Initial Capacity: 192M
 Heap Max Capacity: 3048M
 Pre-touch: Disabled
 Parallel Workers: 4
 Concurrent Workers: 1
 Concurrent Refinement Workers: 4
 Periodic GC: Disabled
Heap:
 garbage-first heap   total 376832K, used 265033K [0x0000000741800000, 0x0000000800000000)
  region size 2048K, 11 young (22528K), 4 survivors (8192K)
 Metaspace       used 107868K, committed 108608K, reserved 1146880K
  class space    used 14678K, committed 15040K, reserved 1048576K
GC Heap History (20 events):
Event: 75.578 GC heap before
{Heap before GC invocations=56 (full 0):
 garbage-first heap   total 198656K, used 116453K [0x0000000741800000, 0x0000000800000000)
  region size 2048K, 4 young (8192K), 3 survivors (6144K)
 Metaspace       used 101918K, committed 102720K, reserved 1138688K
  class space    used 13696K, committed 14080K, reserved 1048576K
}
Event: 75.587 GC heap after
{Heap after GC invocations=57 (full 0):
 garbage-first heap   total 198656K, used 118298K [0x0000000741800000, 0x0000000800000000)
  region size 2048K, 2 young (4096K), 2 survivors (4096K)
 Metaspace       used 101918K, committed 102720K, reserved 1138688K
  class space    used 13696K, committed 14080K, reserved 1048576K
}
Event: 75.991 GC heap before
{Heap before GC invocations=58 (full 0):
 garbage-first heap   total 204800K, used 122394K [0x0000000741800000, 0x0000000800000000)
  region size 2048K, 3 young (6144K), 2 survivors (4096K)
 Metaspace       used 101918K, committed 102720K, reserved 1138688K
  class space    used 13696K, committed 14080K, reserved 1048576K
}
Event: 75.997 GC heap after
{Heap after GC invocations=59 (full 0):
 garbage-first heap   total 204800K, used 124535K [0x0000000741800000, 0x0000000800000000)
  region size 2048K, 2 young (4096K), 2 survivors (4096K)
 Metaspace       used 101918K, committed 102720K, reserved 1138688K
  class space    used 13696K, committed 14080K, reserved 1048576K
}
Event: 76.608 GC heap before
{Heap before GC invocations=60 (full 0):
 garbage-first heap   total 215040K, used 126583K [0x0000000741800000, 0x0000000800000000)
  region size 2048K, 3 young (6144K), 2 survivors (4096K)
 Metaspace       used 101918K, committed 102720K, reserved 1138688K
  class space    used 13696K, committed 14080K, reserved 1048576K
}
Event: 76.613 GC heap after
{Heap after GC invocations=61 (full 0):
 garbage-first heap   total 215040K, used 127910K [0x0000000741800000, 0x0000000800000000)
  region size 2048K, 2 young (4096K), 2 survivors (4096K)
 Metaspace       used 101918K, committed 102720K, reserved 1138688K
  class space    used 13696K, committed 14080K, reserved 1048576K
}
Event: 77.296 GC heap before
{Heap before GC invocations=62 (full 0):
 garbage-first heap   total 223232K, used 129958K [0x0000000741800000, 0x0000000800000000)
  region size 2048K, 3 young (6144K), 2 survivors (4096K)
 Metaspace       used 101918K, committed 102720K, reserved 1138688K
  class space    used 13696K, committed 14080K, reserved 1048576K
}
Event: 77.300 GC heap after
{Heap after GC invocations=63 (full 0):
 garbage-first heap   total 268288K, used 132157K [0x0000000741800000, 0x0000000800000000)
  region size 2048K, 2 young (4096K), 2 survivors (4096K)
 Metaspace       used 101918K, committed 102720K, reserved 1138688K
  class space    used 13696K, committed 14080K, reserved 1048576K
}
Event: 78.406 GC heap before
{Heap before GC invocations=64 (full 0):
 garbage-first heap   total 268288K, used 134205K [0x0000000741800000, 0x0000000800000000)
  region size 2048K, 3 young (6144K), 2 survivors (4096K)
 Metaspace       used 101918K, committed 102720K, reserved 1138688K
  class space    used 13696K, committed 14080K, reserved 1048576K
}
Event: 78.410 GC heap after
{Heap after GC invocations=65 (full 0):
 garbage-first heap   total 268288K, used 135049K [0x0000000741800000, 0x0000000800000000)
  region size 2048K, 2 young (4096K), 2 survivors (4096K)
 Metaspace       used 101918K, committed 102720K, reserved 1138688K
  class space    used 13696K, committed 14080K, reserved 1048576K
}
Event: 81.126 GC heap before
{Heap before GC invocations=66 (full 0):
 garbage-first heap   total 268288K, used 149385K [0x0000000741800000, 0x0000000800000000)
  region size 2048K, 9 young (18432K), 2 survivors (4096K)
 Metaspace       used 104908K, committed 105600K, reserved 1146880K
  class space    used 14123K, committed 14464K, reserved 1048576K
}
Event: 81.134 GC heap after
{Heap after GC invocations=67 (full 0):
 garbage-first heap   total 268288K, used 141945K [0x0000000741800000, 0x0000000800000000)
  region size 2048K, 3 young (6144K), 3 survivors (6144K)
 Metaspace       used 104908K, committed 105600K, reserved 1146880K
  class space    used 14123K, committed 14464K, reserved 1048576K
}
Event: 81.777 GC heap before
{Heap before GC invocations=68 (full 0):
 garbage-first heap   total 366592K, used 219769K [0x0000000741800000, 0x0000000800000000)
  region size 2048K, 21 young (43008K), 3 survivors (6144K)
 Metaspace       used 105193K, committed 105920K, reserved 1146880K
  class space    used 14169K, committed 14528K, reserved 1048576K
}
Event: 81.789 GC heap after
{Heap after GC invocations=69 (full 0):
 garbage-first heap   total 366592K, used 173098K [0x0000000741800000, 0x0000000800000000)
  region size 2048K, 3 young (6144K), 3 survivors (6144K)
 Metaspace       used 105193K, committed 105920K, reserved 1146880K
  class space    used 14169K, committed 14528K, reserved 1048576K
}
Event: 82.518 GC heap before
{Heap before GC invocations=69 (full 0):
 garbage-first heap   total 366592K, used 234538K [0x0000000741800000, 0x0000000800000000)
  region size 2048K, 35 young (71680K), 3 survivors (6144K)
 Metaspace       used 105229K, committed 105920K, reserved 1146880K
  class space    used 14171K, committed 14528K, reserved 1048576K
}
Event: 82.575 GC heap after
{Heap after GC invocations=70 (full 0):
 garbage-first heap   total 366592K, used 198392K [0x0000000741800000, 0x0000000800000000)
  region size 2048K, 5 young (10240K), 5 survivors (10240K)
 Metaspace       used 105229K, committed 105920K, reserved 1146880K
  class space    used 14171K, committed 14528K, reserved 1048576K
}
Event: 84.173 GC heap before
{Heap before GC invocations=71 (full 0):
 garbage-first heap   total 376832K, used 257784K [0x0000000741800000, 0x0000000800000000)
  region size 2048K, 32 young (65536K), 5 survivors (10240K)
 Metaspace       used 107793K, committed 108544K, reserved 1146880K
  class space    used 14674K, committed 15040K, reserved 1048576K
}
Event: 84.244 GC heap after
{Heap after GC invocations=72 (full 0):
 garbage-first heap   total 376832K, used 225696K [0x0000000741800000, 0x0000000800000000)
  region size 2048K, 4 young (8192K), 4 survivors (8192K)
 Metaspace       used 107793K, committed 108544K, reserved 1146880K
  class space    used 14674K, committed 15040K, reserved 1048576K
}
Event: 84.841 GC heap before
{Heap before GC invocations=72 (full 0):
 garbage-first heap   total 376832K, used 274848K [0x0000000741800000, 0x0000000800000000)
  region size 2048K, 28 young (57344K), 4 survivors (8192K)
 Metaspace       used 107840K, committed 108608K, reserved 1146880K
  class space    used 14678K, committed 15040K, reserved 1048576K
}
Event: 84.940 GC heap after
{Heap after GC invocations=73 (full 0):
 garbage-first heap   total 376832K, used 252745K [0x0000000741800000, 0x0000000800000000)
  region size 2048K, 4 young (8192K), 4 survivors (8192K)
 Metaspace       used 107840K, committed 108608K, reserved 1146880K
  class space    used 14678K, committed 15040K, reserved 1048576K
}

