# JRE version: OpenJDK Runtime Environment (17.0.6) (build 17.0.6+0-b2043.56-9586694)
# Java VM: OpenJDK 64-Bit Server VM (17.0.6+0-b2043.56-9586694, mixed mode, tiered, compressed oops, compressed class ptrs, g1 gc, windows-amd64)
GC Precious Log:
 CPUs: 4 total, 4 available
 Memory: 12190M
 Large Page Support: Disabled
 NUMA Support: Disabled
 Compressed Oops: Enabled (Zero based)
 Heap Region Size: 2M
 Heap Min Capacity: 8M
 Heap Initial Capacity: 192M
 Heap Max Capacity: 3048M
 Pre-touch: Disabled
 Parallel Workers: 4
 Concurrent Workers: 1
 Concurrent Refinement Workers: 4
 Periodic GC: Disabled
Heap:
 garbage-first heap   total 194560K, used 110738K [0x0000000741800000, 0x0000000800000000)
  region size 2048K, 3 young (6144K), 3 survivors (6144K)
 Metaspace       used 102902K, committed 103680K, reserved 1146880K
  class space    used 13851K, committed 14208K, reserved 1048576K
GC Heap History (20 events):
Event: 27.280 GC heap after
{Heap after GC invocations=34 (full 0):
 garbage-first heap   total 159744K, used 84701K [0x0000000741800000, 0x0000000800000000)
  region size 2048K, 4 young (8192K), 4 survivors (8192K)
 Metaspace       used 87658K, committed 88256K, reserved 1130496K
  class space    used 11817K, committed 12032K, reserved 1048576K
}
Event: 29.873 GC heap before
{Heap before GC invocations=35 (full 0):
 garbage-first heap   total 159744K, used 125661K [0x0000000741800000, 0x0000000800000000)
  region size 2048K, 24 young (49152K), 4 survivors (8192K)
 Metaspace       used 91327K, committed 91968K, reserved 1130496K
  class space    used 12315K, committed 12608K, reserved 1048576K
}
Event: 29.894 GC heap after
{Heap after GC invocations=36 (full 0):
 garbage-first heap   total 159744K, used 90697K [0x0000000741800000, 0x0000000800000000)
  region size 2048K, 3 young (6144K), 3 survivors (6144K)
 Metaspace       used 91327K, committed 91968K, reserved 1130496K
  class space    used 12315K, committed 12608K, reserved 1048576K
}
Event: 30.924 GC heap before
{Heap before GC invocations=36 (full 0):
 garbage-first heap   total 159744K, used 125513K [0x0000000741800000, 0x0000000800000000)
  region size 2048K, 21 young (43008K), 3 survivors (6144K)
 Metaspace       used 91767K, committed 92416K, reserved 1130496K
  class space    used 12356K, committed 12672K, reserved 1048576K
}
Event: 30.936 GC heap after
{Heap after GC invocations=37 (full 0):
 garbage-first heap   total 159744K, used 93680K [0x0000000741800000, 0x0000000800000000)
  region size 2048K, 2 young (4096K), 2 survivors (4096K)
 Metaspace       used 91767K, committed 92416K, reserved 1130496K
  class space    used 12356K, committed 12672K, reserved 1048576K
}
Event: 32.158 GC heap before
{Heap before GC invocations=38 (full 0):
 garbage-first heap   total 178176K, used 126448K [0x0000000741800000, 0x0000000800000000)
  region size 2048K, 19 young (38912K), 2 survivors (4096K)
 Metaspace       used 92169K, committed 92800K, reserved 1130496K
  class space    used 12393K, committed 12672K, reserved 1048576K
}
Event: 32.167 GC heap after
{Heap after GC invocations=39 (full 0):
 garbage-first heap   total 178176K, used 95990K [0x0000000741800000, 0x0000000800000000)
  region size 2048K, 3 young (6144K), 3 survivors (6144K)
 Metaspace       used 92169K, committed 92800K, reserved 1130496K
  class space    used 12393K, committed 12672K, reserved 1048576K
}
Event: 32.212 GC heap before
{Heap before GC invocations=39 (full 0):
 garbage-first heap   total 178176K, used 98038K [0x0000000741800000, 0x0000000800000000)
  region size 2048K, 4 young (8192K), 3 survivors (6144K)
 Metaspace       used 92198K, committed 92864K, reserved 1130496K
  class space    used 12393K, committed 12672K, reserved 1048576K
}
Event: 32.225 GC heap after
{Heap after GC invocations=40 (full 0):
 garbage-first heap   total 178176K, used 96122K [0x0000000741800000, 0x0000000800000000)
  region size 2048K, 1 young (2048K), 1 survivors (2048K)
 Metaspace       used 92198K, committed 92864K, reserved 1130496K
  class space    used 12393K, committed 12672K, reserved 1048576K
}
Event: 33.414 GC heap before
{Heap before GC invocations=40 (full 0):
 garbage-first heap   total 178176K, used 141178K [0x0000000741800000, 0x0000000800000000)
  region size 2048K, 24 young (49152K), 1 survivors (2048K)
 Metaspace       used 92577K, committed 93248K, reserved 1130496K
  class space    used 12413K, committed 12736K, reserved 1048576K
}
Event: 33.422 GC heap after
{Heap after GC invocations=41 (full 0):
 garbage-first heap   total 178176K, used 99025K [0x0000000741800000, 0x0000000800000000)
  region size 2048K, 2 young (4096K), 2 survivors (4096K)
 Metaspace       used 92577K, committed 93248K, reserved 1130496K
  class space    used 12413K, committed 12736K, reserved 1048576K
}
Event: 35.397 GC heap before
{Heap before GC invocations=42 (full 0):
 garbage-first heap   total 178176K, used 142033K [0x0000000741800000, 0x0000000800000000)
  region size 2048K, 24 young (49152K), 2 survivors (4096K)
 Metaspace       used 97194K, committed 97920K, reserved 1138688K
  class space    used 13043K, committed 13376K, reserved 1048576K
}
Event: 35.409 GC heap after
{Heap after GC invocations=43 (full 0):
 garbage-first heap   total 178176K, used 102020K [0x0000000741800000, 0x0000000800000000)
  region size 2048K, 2 young (4096K), 2 survivors (4096K)
 Metaspace       used 97194K, committed 97920K, reserved 1138688K
  class space    used 13043K, committed 13376K, reserved 1048576K
}
Event: 35.490 GC heap before
{Heap before GC invocations=43 (full 0):
 garbage-first heap   total 178176K, used 106116K [0x0000000741800000, 0x0000000800000000)
  region size 2048K, 4 young (8192K), 2 survivors (4096K)
 Metaspace       used 97617K, committed 98304K, reserved 1138688K
  class space    used 13103K, committed 13440K, reserved 1048576K
}
Event: 35.511 GC heap after
{Heap after GC invocations=44 (full 0):
 garbage-first heap   total 178176K, used 102392K [0x0000000741800000, 0x0000000800000000)
  region size 2048K, 1 young (2048K), 1 survivors (2048K)
 Metaspace       used 97617K, committed 98304K, reserved 1138688K
  class space    used 13103K, committed 13440K, reserved 1048576K
}
Event: 37.131 GC heap before
{Heap before GC invocations=44 (full 0):
 garbage-first heap   total 178176K, used 143352K [0x0000000741800000, 0x0000000800000000)
  region size 2048K, 22 young (45056K), 1 survivors (2048K)
 Metaspace       used 100536K, committed 101184K, reserved 1138688K
  class space    used 13483K, committed 13760K, reserved 1048576K
}
Event: 37.140 GC heap after
{Heap after GC invocations=45 (full 0):
 garbage-first heap   total 178176K, used 105214K [0x0000000741800000, 0x0000000800000000)
  region size 2048K, 2 young (4096K), 2 survivors (4096K)
 Metaspace       used 100536K, committed 101184K, reserved 1138688K
  class space    used 13483K, committed 13760K, reserved 1048576K
}
Event: 38.361 GC heap before
{Heap before GC invocations=46 (full 0):
 garbage-first heap   total 194560K, used 144126K [0x0000000741800000, 0x0000000800000000)
  region size 2048K, 22 young (45056K), 2 survivors (4096K)
 Metaspace       used 101050K, committed 101696K, reserved 1138688K
  class space    used 13574K, committed 13888K, reserved 1048576K
}
Event: 38.373 GC heap after
{Heap after GC invocations=47 (full 0):
 garbage-first heap   total 194560K, used 107463K [0x0000000741800000, 0x0000000800000000)
  region size 2048K, 2 young (4096K), 2 survivors (4096K)
 Metaspace       used 101050K, committed 101696K, reserved 1138688K
  class space    used 13574K, committed 13888K, reserved 1048576K
}
Event: 69.593 GC heap before
{Heap before GC invocations=47 (full 0):
 garbage-first heap   total 194560K, used 156615K [0x0000000741800000, 0x0000000800000000)
  region size 2048K, 27 young (55296K), 2 survivors (4096K)
 Metaspace       used 102902K, committed 103680K, reserved 1146880K
  class space    used 13851K, committed 14208K, reserved 1048576K
}

