# JRE version: OpenJDK Runtime Environment (17.0.6) (build 17.0.6+0-b2043.56-9586694)
# Java VM: OpenJDK 64-Bit Server VM (17.0.6+0-b2043.56-9586694, mixed mode, tiered, compressed oops, compressed class ptrs, g1 gc, windows-amd64)
GC Precious Log:
 CPUs: 4 total, 4 available
 Memory: 12190M
 Large Page Support: Disabled
 NUMA Support: Disabled
 Compressed Oops: Enabled (32-bit)
 Heap Region Size: 1M
 Heap Min Capacity: 8M
 Heap Initial Capacity: 192M
 Heap Max Capacity: 2G
 Pre-touch: Disabled
 Parallel Workers: 4
 Concurrent Workers: 1
 Concurrent Refinement Workers: 4
 Periodic GC: Disabled
Heap:
 garbage-first heap   total 337920K, used 224744K [0x0000000080000000, 0x0000000100000000)
  region size 1024K, 7 young (7168K), 4 survivors (4096K)
 Metaspace       used 130499K, committed 131520K, reserved 1171456K
  class space    used 16965K, committed 17472K, reserved 1048576K
GC Heap History (20 events):
Event: 36.777 GC heap before
{Heap before GC invocations=62 (full 0):
 garbage-first heap   total 312320K, used 223276K [0x0000000080000000, 0x0000000100000000)
  region size 1024K, 43 young (44032K), 3 survivors (3072K)
 Metaspace       used 102472K, committed 103168K, reserved 1138688K
  class space    used 13768K, committed 14080K, reserved 1048576K
}
Event: 36.789 GC heap after
{Heap after GC invocations=63 (full 0):
 garbage-first heap   total 312320K, used 185545K [0x0000000080000000, 0x0000000100000000)
  region size 1024K, 6 young (6144K), 6 survivors (6144K)
 Metaspace       used 102472K, committed 103168K, reserved 1138688K
  class space    used 13768K, committed 14080K, reserved 1048576K
}
Event: 37.179 GC heap before
{Heap before GC invocations=63 (full 0):
 garbage-first heap   total 312320K, used 193737K [0x0000000080000000, 0x0000000100000000)
  region size 1024K, 15 young (15360K), 6 survivors (6144K)
 Metaspace       used 103970K, committed 104704K, reserved 1146880K
  class space    used 13924K, committed 14272K, reserved 1048576K
}
Event: 37.193 GC heap after
{Heap after GC invocations=64 (full 0):
 garbage-first heap   total 312320K, used 185891K [0x0000000080000000, 0x0000000100000000)
  region size 1024K, 1 young (1024K), 1 survivors (1024K)
 Metaspace       used 103970K, committed 104704K, reserved 1146880K
  class space    used 13924K, committed 14272K, reserved 1048576K
}
Event: 40.594 GC heap before
{Heap before GC invocations=64 (full 0):
 garbage-first heap   total 312320K, used 235043K [0x0000000080000000, 0x0000000100000000)
  region size 1024K, 50 young (51200K), 1 survivors (1024K)
 Metaspace       used 105885K, committed 106624K, reserved 1146880K
  class space    used 14120K, committed 14464K, reserved 1048576K
}
Event: 40.605 GC heap after
{Heap after GC invocations=65 (full 0):
 garbage-first heap   total 312320K, used 189967K [0x0000000080000000, 0x0000000100000000)
  region size 1024K, 5 young (5120K), 5 survivors (5120K)
 Metaspace       used 105885K, committed 106624K, reserved 1146880K
  class space    used 14120K, committed 14464K, reserved 1048576K
}
Event: 42.652 GC heap before
{Heap before GC invocations=65 (full 0):
 garbage-first heap   total 312320K, used 246287K [0x0000000080000000, 0x0000000100000000)
  region size 1024K, 60 young (61440K), 5 survivors (5120K)
 Metaspace       used 108005K, committed 108736K, reserved 1146880K
  class space    used 14374K, committed 14720K, reserved 1048576K
}
Event: 42.668 GC heap after
{Heap after GC invocations=66 (full 0):
 garbage-first heap   total 312320K, used 193999K [0x0000000080000000, 0x0000000100000000)
  region size 1024K, 5 young (5120K), 5 survivors (5120K)
 Metaspace       used 108005K, committed 108736K, reserved 1146880K
  class space    used 14374K, committed 14720K, reserved 1048576K
}
Event: 44.782 GC heap before
{Heap before GC invocations=66 (full 0):
 garbage-first heap   total 312320K, used 247247K [0x0000000080000000, 0x0000000100000000)
  region size 1024K, 58 young (59392K), 5 survivors (5120K)
 Metaspace       used 113979K, committed 114752K, reserved 1155072K
  class space    used 15141K, committed 15488K, reserved 1048576K
}
Event: 44.801 GC heap after
{Heap after GC invocations=67 (full 0):
 garbage-first heap   total 312320K, used 197894K [0x0000000080000000, 0x0000000100000000)
  region size 1024K, 8 young (8192K), 8 survivors (8192K)
 Metaspace       used 113979K, committed 114752K, reserved 1155072K
  class space    used 15141K, committed 15488K, reserved 1048576K
}
Event: 61.593 GC heap before
{Heap before GC invocations=68 (full 0):
 garbage-first heap   total 337920K, used 250118K [0x0000000080000000, 0x0000000100000000)
  region size 1024K, 60 young (61440K), 8 survivors (8192K)
 Metaspace       used 120213K, committed 121088K, reserved 1155072K
  class space    used 15819K, committed 16256K, reserved 1048576K
}
Event: 61.619 GC heap after
{Heap after GC invocations=69 (full 0):
 garbage-first heap   total 337920K, used 202733K [0x0000000080000000, 0x0000000100000000)
  region size 1024K, 5 young (5120K), 5 survivors (5120K)
 Metaspace       used 120213K, committed 121088K, reserved 1155072K
  class space    used 15819K, committed 16256K, reserved 1048576K
}
Event: 63.080 GC heap before
{Heap before GC invocations=69 (full 0):
 garbage-first heap   total 337920K, used 212973K [0x0000000080000000, 0x0000000100000000)
  region size 1024K, 16 young (16384K), 5 survivors (5120K)
 Metaspace       used 120335K, committed 121216K, reserved 1155072K
  class space    used 15831K, committed 16256K, reserved 1048576K
}
Event: 63.096 GC heap after
{Heap after GC invocations=70 (full 0):
 garbage-first heap   total 337920K, used 203776K [0x0000000080000000, 0x0000000100000000)
  region size 1024K, 2 young (2048K), 2 survivors (2048K)
 Metaspace       used 120335K, committed 121216K, reserved 1155072K
  class space    used 15831K, committed 16256K, reserved 1048576K
}
Event: 68.271 GC heap before
{Heap before GC invocations=70 (full 0):
 garbage-first heap   total 337920K, used 277504K [0x0000000080000000, 0x0000000100000000)
  region size 1024K, 74 young (75776K), 2 survivors (2048K)
 Metaspace       used 122425K, committed 123264K, reserved 1163264K
  class space    used 16074K, committed 16448K, reserved 1048576K
}
Event: 68.308 GC heap after
{Heap after GC invocations=71 (full 0):
 garbage-first heap   total 337920K, used 212978K [0x0000000080000000, 0x0000000100000000)
  region size 1024K, 10 young (10240K), 10 survivors (10240K)
 Metaspace       used 122425K, committed 123264K, reserved 1163264K
  class space    used 16074K, committed 16448K, reserved 1048576K
}
Event: 73.417 GC heap before
{Heap before GC invocations=71 (full 0):
 garbage-first heap   total 337920K, used 275442K [0x0000000080000000, 0x0000000100000000)
  region size 1024K, 72 young (73728K), 10 survivors (10240K)
 Metaspace       used 126285K, committed 127296K, reserved 1163264K
  class space    used 16616K, committed 17088K, reserved 1048576K
}
Event: 73.472 GC heap after
{Heap after GC invocations=72 (full 0):
 garbage-first heap   total 337920K, used 220990K [0x0000000080000000, 0x0000000100000000)
  region size 1024K, 8 young (8192K), 8 survivors (8192K)
 Metaspace       used 126285K, committed 127296K, reserved 1163264K
  class space    used 16616K, committed 17088K, reserved 1048576K
}
Event: 77.139 GC heap before
{Heap before GC invocations=72 (full 0):
 garbage-first heap   total 337920K, used 278334K [0x0000000080000000, 0x0000000100000000)
  region size 1024K, 65 young (66560K), 8 survivors (8192K)
 Metaspace       used 130277K, committed 131264K, reserved 1163264K
  class space    used 16960K, committed 17408K, reserved 1048576K
}
Event: 77.154 GC heap after
{Heap after GC invocations=73 (full 0):
 garbage-first heap   total 337920K, used 223720K [0x0000000080000000, 0x0000000100000000)
  region size 1024K, 4 young (4096K), 4 survivors (4096K)
 Metaspace       used 130277K, committed 131264K, reserved 1163264K
  class space    used 16960K, committed 17408K, reserved 1048576K
}

